<?xml version="1.0" encoding="UTF-8"?>
<!-- Generated by org.testng.reporters.JUnitReportReporter -->
<testsuite hostname="MW-RSY-5DW5FB3" failures="0" tests="1" name="nexttest.NextLogin" time="97.662" errors="0" timestamp="2023-03-28T19:12:37 BST" skipped="0">
  <testcase classname="nexttest.NextLogin" name="homepage" time="97.662"/>
  <system-out/>
</testsuite> <!-- nexttest.NextLogin -->
