<?xml version="1.0" encoding="UTF-8"?>
<!-- Generated by org.testng.reporters.JUnitReportReporter -->
<testsuite hostname="MW-RSY-5DW5FB3" failures="0" tests="1" name="nexttest.NewTest" time="0.005" errors="0" timestamp="2023-03-20T17:39:39 GMT" skipped="0">
  <testcase classname="nexttest.NewTest" name="first" time="0.005"/>
  <system-out/>
</testsuite> <!-- nexttest.NewTest -->
