<?xml version="1.0" encoding="UTF-8"?>
<!-- Generated by org.testng.reporters.JUnitReportReporter -->
<testsuite hostname="MW-RSY-5DW5FB3" failures="0" tests="1" name="nexttest.practice" time="26.284" errors="0" timestamp="2023-03-29T09:49:48 BST" skipped="0">
  <testcase classname="nexttest.practice" name="titl" time="26.284"/>
  <system-out/>
</testsuite> <!-- nexttest.practice -->
