<?xml version="1.0" encoding="UTF-8"?>
<!-- Generated by org.testng.reporters.JUnitReportReporter -->
<testsuite hostname="MW-RSY-5DW5FB3" failures="0" tests="1" name="nexttest.authentication" time="2.912" errors="0" timestamp="2023-03-21T05:05:26 GMT" skipped="0">
  <testcase classname="nexttest.authentication" name="authenti" time="2.912"/>
  <system-out/>
</testsuite> <!-- nexttest.authentication -->
